C:\Program Files (x86)\Microsoft Visual Studio\2019\Community\MSBuild\Microsoft\VC\v160\Microsoft.CppBuild.targets(467,5): warning MSB8028: The intermediate directory (Debug\) contains files shared from another project (DirectXGame.vcxproj).  This can lead to incorrect clean and rebuild behavior.
  AppWindow.cpp
  ConstantBuffer.cpp
  DeviceContext.cpp
  GraphicsEngine.cpp
  IndexBuffer.cpp
  InputSystem.cpp
  main.cpp
  Mesh.cpp
D:\Midstone Project\Mid-Stone\Mesh.cpp(4,10): fatal error C1083: Cannot open include file: 'tiny_obj_loader.h': No such file or directory
  MeshManager.cpp
  PixelShader.cpp
  RenderSystem.cpp
  Resource.cpp
  ResourceManager.cpp
  SwapChain.cpp
  Texture.cpp
  TextureManager.cpp
  VertexBuffer.cpp
  VertexShader.cpp
  Window.cpp
  Generating Code...
