d:\midstone project\mid-stone\debug\vc142.pdb
d:\midstone project\mid-stone\debug\vc142.idb
d:\midstone project\mid-stone\debug\window.obj
d:\midstone project\mid-stone\debug\vertexshader.obj
d:\midstone project\mid-stone\debug\vertexbuffer.obj
d:\midstone project\mid-stone\debug\texturemanager.obj
d:\midstone project\mid-stone\debug\texture.obj
d:\midstone project\mid-stone\debug\swapchain.obj
d:\midstone project\mid-stone\debug\resourcemanager.obj
d:\midstone project\mid-stone\debug\resource.obj
d:\midstone project\mid-stone\debug\rendersystem.obj
d:\midstone project\mid-stone\debug\pixelshader.obj
d:\midstone project\mid-stone\debug\main.obj
d:\midstone project\mid-stone\debug\inputsystem.obj
d:\midstone project\mid-stone\debug\indexbuffer.obj
d:\midstone project\mid-stone\debug\graphicsengine.obj
d:\midstone project\mid-stone\debug\devicecontext.obj
d:\midstone project\mid-stone\debug\constantbuffer.obj
d:\midstone project\mid-stone\debug\appwindow.obj
d:\midstone project\mid-stone\debug\mid-stone.exe
d:\midstone project\mid-stone\debug\mid-stone.ilk
d:\midstone project\mid-stone\debug\mid-stone.pdb
d:\midstone project\mid-stone\debug\directxgame.ilk
d:\midstone project\mid-stone\debug\mid-stone.tlog\cl.command.1.tlog
d:\midstone project\mid-stone\debug\mid-stone.tlog\cl.read.1.tlog
d:\midstone project\mid-stone\debug\mid-stone.tlog\cl.write.1.tlog
d:\midstone project\mid-stone\debug\mid-stone.tlog\link.command.1.tlog
d:\midstone project\mid-stone\debug\mid-stone.tlog\link.read.1.tlog
d:\midstone project\mid-stone\debug\mid-stone.tlog\link.write.1.tlog
