d:\midstone project\mid-stone\x64\debug\appwindow.obj
d:\midstone project\mid-stone\x64\debug\constantbuffer.obj
d:\midstone project\mid-stone\x64\debug\devicecontext.obj
d:\midstone project\mid-stone\x64\debug\graphicsengine.obj
d:\midstone project\mid-stone\x64\debug\indexbuffer.obj
d:\midstone project\mid-stone\x64\debug\inputsystem.obj
d:\midstone project\mid-stone\x64\debug\main.obj
d:\midstone project\mid-stone\x64\debug\pixelshader.obj
d:\midstone project\mid-stone\x64\debug\rendersystem.obj
d:\midstone project\mid-stone\x64\debug\resource.obj
d:\midstone project\mid-stone\x64\debug\resourcemanager.obj
d:\midstone project\mid-stone\x64\debug\swapchain.obj
d:\midstone project\mid-stone\x64\debug\texture.obj
d:\midstone project\mid-stone\x64\debug\texturemanager.obj
d:\midstone project\mid-stone\x64\debug\vertexbuffer.obj
d:\midstone project\mid-stone\x64\debug\vertexshader.obj
d:\midstone project\mid-stone\x64\debug\window.obj
d:\midstone project\mid-stone\x64\debug\directxgame.ilk
d:\midstone project\mid-stone\x64\debug\vc142.idb
d:\midstone project\mid-stone\x64\debug\directxgame.pdb
d:\midstone project\mid-stone\x64\debug\vc142.pdb
